\BOOKMARK [1][-]{section.1}{\376\377\000W\000o\000r\000m\000h\000o\000l\000e\000s}{}% 1
\BOOKMARK [1][-]{section.2}{\376\377\000K\000i\000n\000g\000\040\000E\000s\000c\000a\000p\000e}{}% 2
\BOOKMARK [1][-]{section.3}{\376\377\000\040\000l\000e\000e\000t\000C\000o\000d\000e\000-\000F\000i\000n\000d\000\040\000i\000f\000\040\000P\000a\000t\000h\000\040\000E\000x\000i\000s\000t\000s\000\040\000i\000n\000\040\000G\000r\000a\000p\000h\000\040}{}% 3
\BOOKMARK [1][-]{section.4}{\376\377\000C\000o\000d\000e\000F\000o\000r\000c\000e\000s\000-\000B\000m\000a\000i\000l\000\040\000C\000o\000m\000p\000u\000t\000e\000r\000\040\000N\000e\000t\000w\000o\000r\000k}{}% 4
\BOOKMARK [1][-]{section.5}{\376\377\000L\000e\000e\000t\000C\000o\000d\000e\000\040\000-\000\040\000C\000o\000n\000v\000e\000r\000t\000\040\000S\000o\000r\000t\000e\000d\000\040\000A\000r\000r\000a\000y\000\040\000t\000o\000\040\000B\000i\000n\000a\000r\000y\000\040\000S\000e\000a\000r\000c\000h\000\040\000T\000r\000e\000e\000\040}{}% 5
\BOOKMARK [1][-]{section.6}{\376\377\000U\000v\000a\000\040\000-\000\040\000D\000i\000v\000i\000d\000i\000n\000g\000\040\000c\000o\000i\000n\000s\000\040}{}% 6
\BOOKMARK [1][-]{section.7}{\376\377\000C\000o\000d\000e\000f\000o\000r\000c\000e\000s\000-\000K\000n\000a\000p\000S\000a\000c\000k\000\040}{}% 7
\BOOKMARK [1][-]{section.8}{\376\377\000L\000e\000e\000t\000C\000o\000d\000e\000-\000I\000s\000\040\000S\000u\000b\000s\000e\000q\000u\000e\000n\000c\000e\000\040}{}% 8
\BOOKMARK [1][-]{section.9}{\376\377\000U\000v\000a\000-\000d\000o\000m\000i\000n\000o\000s\0002}{}% 9
\BOOKMARK [1][-]{section.10}{\376\377\000c\000o\000d\000e\000f\000o\000r\000c\000e\000s\000-\000:\000\040\000R\000u\000m\000o\000r}{}% 10
\BOOKMARK [1][-]{section.11}{\376\377\000l\000e\000e\000t\000C\000o\000d\000e\000-\000\040\000c\000o\000u\000n\000t\000C\000o\000m\000p\000l\000e\000t\000e\000C\000o\000m\000p\000o\000n\000e\000n\000t\000s}{}% 11
\BOOKMARK [1][-]{section.12}{\376\377\000u\000v\000a\000-\000b\000i\000n\000a\000r\000y\000\040\000s\000e\000a\000r\000c\000h\000\040\000t\000r\000e\000e}{}% 12
\BOOKMARK [1][-]{section.13}{\376\377\000c\000f\000-\000O\000m\000k\000a\000r\000\040\000a\000n\000d\000\040\000H\000e\000a\000v\000e\000n\000l\000y\000\040\000T\000r\000e\000e}{}% 13
\BOOKMARK [1][-]{section.14}{\376\377\000l\000e\000e\000t\000c\000o\000d\000e\000-\000I\000n\000v\000e\000r\000t\000\040\000B\000i\000n\000a\000r\000y\000\040\000T\000r\000e\000e\000\040}{}% 14
\BOOKMARK [1][-]{section.15}{\376\377\000u\000v\000a\000-\000w\000e\000d\000d\000i\000n\000g\000\040\000s\000h\000o\000p\000i\000n\000g\000\040}{}% 15
\BOOKMARK [1][-]{section.16}{\376\377\000l\000e\000e\000t\000c\000o\000d\000e\000-\000L\000C\000S}{}% 16
\BOOKMARK [1][-]{section.17}{\376\377\000c\000o\000d\000e\000f\000o\000r\000c\000e\000s\000-\000D\000Z\000Y\000\040\000L\000o\000v\000e\000s\000\040\000C\000h\000e\000m\000i\000s\000t\000r\000y}{}% 17
\BOOKMARK [1][-]{section.18}{\376\377\000l\000e\000e\000t\000c\000o\000d\000e\000-\000N\000e\000t\000w\000o\000r\000k\000\040\000D\000e\000l\000a\000y\000\040\000T\000i\000m\000e}{}% 18
\BOOKMARK [1][-]{section.19}{\376\377\000l\000e\000e\000t\000c\000o\000d\000e\000-\000M\000i\000n\000\040\000C\000o\000s\000t\000\040\000t\000o\000\040\000C\000o\000n\000n\000e\000c\000t\000\040\000A\000l\000l\000\040\000P\000o\000i\000n\000t\000s}{}% 19
\BOOKMARK [1][-]{section.20}{\376\377\000u\000v\000a\000-\0001\0000\0004\0000\0005\000\040\000-\000\040\000L\000o\000n\000g\000e\000s\000t\000\040\000C\000o\000m\000m\000o\000n\000\040\000S\000u\000b\000s\000e\000q\000u\000e\000n\000c\000e}{}% 20
\BOOKMARK [1][-]{section.21}{\376\377\000u\000v\000a\000-\000g\000r\000a\000p\000h\000\040\000c\000o\000n\000n\000e\000c\000t\000i\000v\000i\000t\000y}{}% 21
\BOOKMARK [1][-]{section.22}{\376\377\000l\000e\000e\000t\000c\000o\000e\000-\000F\000i\000n\000d\000\040\000t\000h\000e\000\040\000T\000o\000w\000n\000\040\000J\000u\000d\000g\000e}{}% 22
\BOOKMARK [1][-]{section.23}{\376\377\000l\000e\000e\000t\000c\000o\000d\000e\000-\000S\000e\000a\000r\000c\000h\000\040\000i\000n\000\040\000a\000\040\000B\000i\000n\000a\000r\000y\000\040\000S\000e\000a\000r\000c\000h\000\040\000T\000r\000e\000e}{}% 23
\BOOKMARK [1][-]{section.24}{\376\377\000l\000e\000e\000t\000c\000o\000d\000e\000-\000M\000i\000n\000i\000m\000u\000m\000\040\000c\000o\000s\000t\000\040\000f\000o\000r\000\040\000t\000i\000c\000k\000e\000t}{}% 24
\BOOKMARK [1][-]{section.25}{\376\377\000c\000f\000-\000f\000o\000r\000e\000v\000e\000r\000\040\000w\000i\000n\000t\000e\000r}{}% 25
\BOOKMARK [1][-]{section.26}{\376\377\000u\000v\000a\000-\000h\000e\000a\000v\000y\000\040\000c\000a\000r\000g\000o}{}% 26
\BOOKMARK [1][-]{section.27}{}{}% 27
